<?xml version="1.0" encoding="UTF-8"?>
<!-- Generated by org.testng.reporters.JUnitReportReporter -->
<testsuite name="pl.gov.nauka.radon.test.HyperlinksPageTest" tests="1" time="10.506" ignored="0" failures="0" timestamp="04 Jun 2021 09:23:35 GMT" skipped="0" hostname="MSGN15168" errors="0">
  <testcase name="checkHyperlinks" time="10.506" classname="pl.gov.nauka.radon.test.HyperlinksPageTest"/>
</testsuite> <!-- pl.gov.nauka.radon.test.HyperlinksPageTest -->
