<?xml version="1.0" encoding="UTF-8"?>
<!-- Generated by org.testng.reporters.JUnitReportReporter -->
<testsuite name="pl.gov.nauka.radon.test.HyperlinksPageTest" tests="1" time="13.363" ignored="0" failures="0" timestamp="03 Jun 2021 17:43:58 GMT" skipped="0" hostname="MSGN15168" errors="0">
  <testcase name="checkHyperlinks" time="13.363" classname="pl.gov.nauka.radon.test.HyperlinksPageTest"/>
</testsuite> <!-- pl.gov.nauka.radon.test.HyperlinksPageTest -->
