<?xml version="1.0" encoding="UTF-8"?>
<!-- Generated by org.testng.reporters.JUnitReportReporter -->
<testsuite name="pl.gov.nauka.radon.test.HyperlinksPageTest" tests="1" time="6.450" ignored="0" failures="0" timestamp="23 Mai 2021 23:12:11 GMT" skipped="0" hostname="MSGN15168" errors="0">
  <testcase name="checkHyperlinks" time="6.450" classname="pl.gov.nauka.radon.test.HyperlinksPageTest"/>
</testsuite> <!-- pl.gov.nauka.radon.test.HyperlinksPageTest -->
