<?xml version="1.0" encoding="UTF-8"?>
<!-- Generated by org.testng.reporters.JUnitReportReporter -->
<testsuite name="pl.gov.nauka.radon.test.FiltersPageTest" tests="1" time="3.504" ignored="0" failures="0" timestamp="04 Jun 2021 09:23:35 GMT" skipped="0" hostname="MSGN15168" errors="0">
  <testcase name="searchAndCheckResults" time="3.504" classname="pl.gov.nauka.radon.test.FiltersPageTest"/>
</testsuite> <!-- pl.gov.nauka.radon.test.FiltersPageTest -->
